<?xml version="1.0" encoding="UTF-8"?>
<testsuite xmlns:xsi="http://www.w3.org/2001/XMLSchema-instance" xsi:noNamespaceSchemaLocation="https://maven.apache.org/surefire/maven-surefire-plugin/xsd/surefire-test-report-3.0.xsd" version="3.0" name="com.identity.runners.TestRunner" time="78.075" tests="1" errors="0" skipped="0" failures="0">
  <properties>
    <property name="sun.desktop" value="windows"/>
    <property name="awt.toolkit" value="sun.awt.windows.WToolkit"/>
    <property name="java.specification.version" value="11"/>
    <property name="sun.cpu.isalist" value="amd64"/>
    <property name="sun.jnu.encoding" value="Cp1252"/>
    <property name="java.class.path" value="C:\ws\java\IdentityInterviewExercise-1\target\test-classes;C:\ws\java\IdentityInterviewExercise-1\target\classes;C:\Users\srivastavp\.m2\repository\com\microsoft\playwright\playwright\1.41.0\playwright-1.41.0.jar;C:\Users\srivastavp\.m2\repository\com\google\code\gson\gson\2.8.9\gson-2.8.9.jar;C:\Users\srivastavp\.m2\repository\org\opentest4j\opentest4j\1.2.0\opentest4j-1.2.0.jar;C:\Users\srivastavp\.m2\repository\com\microsoft\playwright\driver\1.41.0\driver-1.41.0.jar;C:\Users\srivastavp\.m2\repository\com\microsoft\playwright\driver-bundle\1.41.0\driver-bundle-1.41.0.jar;C:\Users\srivastavp\.m2\repository\io\cucumber\cucumber-java\7.14.0\cucumber-java-7.14.0.jar;C:\Users\srivastavp\.m2\repository\io\cucumber\cucumber-core\7.14.0\cucumber-core-7.14.0.jar;C:\Users\srivastavp\.m2\repository\io\cucumber\cucumber-gherkin\7.14.0\cucumber-gherkin-7.14.0.jar;C:\Users\srivastavp\.m2\repository\io\cucumber\cucumber-gherkin-messages\7.14.0\cucumber-gherkin-messages-7.14.0.jar;C:\Users\srivastavp\.m2\repository\io\cucumber\gherkin\26.2.0\gherkin-26.2.0.jar;C:\Users\srivastavp\.m2\repository\io\cucumber\messages\22.0.0\messages-22.0.0.jar;C:\Users\srivastavp\.m2\repository\io\cucumber\tag-expressions\5.0.6\tag-expressions-5.0.6.jar;C:\Users\srivastavp\.m2\repository\io\cucumber\cucumber-expressions\16.1.2\cucumber-expressions-16.1.2.jar;C:\Users\srivastavp\.m2\repository\io\cucumber\datatable\7.14.0\datatable-7.14.0.jar;C:\Users\srivastavp\.m2\repository\io\cucumber\cucumber-plugin\7.14.0\cucumber-plugin-7.14.0.jar;C:\Users\srivastavp\.m2\repository\io\cucumber\docstring\7.14.0\docstring-7.14.0.jar;C:\Users\srivastavp\.m2\repository\io\cucumber\html-formatter\20.4.0\html-formatter-20.4.0.jar;C:\Users\srivastavp\.m2\repository\io\cucumber\junit-xml-formatter\0.2.0\junit-xml-formatter-0.2.0.jar;C:\Users\srivastavp\.m2\repository\io\cucumber\ci-environment\9.2.0\ci-environment-9.2.0.jar;C:\Users\srivastavp\.m2\repository\org\apiguardian\apiguardian-api\1.1.2\apiguardian-api-1.1.2.jar;C:\Users\srivastavp\.m2\repository\io\cucumber\cucumber-junit\7.14.0\cucumber-junit-7.14.0.jar;C:\Users\srivastavp\.m2\repository\io\cucumber\cucumber-picocontainer\7.14.0\cucumber-picocontainer-7.14.0.jar;C:\Users\srivastavp\.m2\repository\org\picocontainer\picocontainer\2.15\picocontainer-2.15.jar;C:\Users\srivastavp\.m2\repository\junit\junit\4.13.2\junit-4.13.2.jar;C:\Users\srivastavp\.m2\repository\org\hamcrest\hamcrest-core\1.3\hamcrest-core-1.3.jar;"/>
    <property name="java.vm.vendor" value="Eclipse Adoptium"/>
    <property name="sun.arch.data.model" value="64"/>
    <property name="user.variant" value=""/>
    <property name="java.vendor.url" value="https://adoptium.net/"/>
    <property name="user.timezone" value="Europe/London"/>
    <property name="java.vm.specification.version" value="11"/>
    <property name="os.name" value="Windows 11"/>
    <property name="sun.java.launcher" value="SUN_STANDARD"/>
    <property name="user.country" value="GB"/>
    <property name="sun.boot.library.path" value="C:\Program Files\Eclipse Adoptium\jdk-11.0.25.9-hotspot\bin"/>
    <property name="sun.java.command" value="C:\Users\srivastavp\AppData\Local\Temp\surefire13085729952693305719\surefirebooter-20241111123705051_3.jar C:\Users\srivastavp\AppData\Local\Temp\surefire13085729952693305719 2024-11-11T12-37-04_709-jvmRun1 surefire-20241111123705051_1tmp surefire_0-20241111123705051_2tmp"/>
    <property name="jdk.debug" value="release"/>
    <property name="surefire.test.class.path" value="C:\ws\java\IdentityInterviewExercise-1\target\test-classes;C:\ws\java\IdentityInterviewExercise-1\target\classes;C:\Users\srivastavp\.m2\repository\com\microsoft\playwright\playwright\1.41.0\playwright-1.41.0.jar;C:\Users\srivastavp\.m2\repository\com\google\code\gson\gson\2.8.9\gson-2.8.9.jar;C:\Users\srivastavp\.m2\repository\org\opentest4j\opentest4j\1.2.0\opentest4j-1.2.0.jar;C:\Users\srivastavp\.m2\repository\com\microsoft\playwright\driver\1.41.0\driver-1.41.0.jar;C:\Users\srivastavp\.m2\repository\com\microsoft\playwright\driver-bundle\1.41.0\driver-bundle-1.41.0.jar;C:\Users\srivastavp\.m2\repository\io\cucumber\cucumber-java\7.14.0\cucumber-java-7.14.0.jar;C:\Users\srivastavp\.m2\repository\io\cucumber\cucumber-core\7.14.0\cucumber-core-7.14.0.jar;C:\Users\srivastavp\.m2\repository\io\cucumber\cucumber-gherkin\7.14.0\cucumber-gherkin-7.14.0.jar;C:\Users\srivastavp\.m2\repository\io\cucumber\cucumber-gherkin-messages\7.14.0\cucumber-gherkin-messages-7.14.0.jar;C:\Users\srivastavp\.m2\repository\io\cucumber\gherkin\26.2.0\gherkin-26.2.0.jar;C:\Users\srivastavp\.m2\repository\io\cucumber\messages\22.0.0\messages-22.0.0.jar;C:\Users\srivastavp\.m2\repository\io\cucumber\tag-expressions\5.0.6\tag-expressions-5.0.6.jar;C:\Users\srivastavp\.m2\repository\io\cucumber\cucumber-expressions\16.1.2\cucumber-expressions-16.1.2.jar;C:\Users\srivastavp\.m2\repository\io\cucumber\datatable\7.14.0\datatable-7.14.0.jar;C:\Users\srivastavp\.m2\repository\io\cucumber\cucumber-plugin\7.14.0\cucumber-plugin-7.14.0.jar;C:\Users\srivastavp\.m2\repository\io\cucumber\docstring\7.14.0\docstring-7.14.0.jar;C:\Users\srivastavp\.m2\repository\io\cucumber\html-formatter\20.4.0\html-formatter-20.4.0.jar;C:\Users\srivastavp\.m2\repository\io\cucumber\junit-xml-formatter\0.2.0\junit-xml-formatter-0.2.0.jar;C:\Users\srivastavp\.m2\repository\io\cucumber\ci-environment\9.2.0\ci-environment-9.2.0.jar;C:\Users\srivastavp\.m2\repository\org\apiguardian\apiguardian-api\1.1.2\apiguardian-api-1.1.2.jar;C:\Users\srivastavp\.m2\repository\io\cucumber\cucumber-junit\7.14.0\cucumber-junit-7.14.0.jar;C:\Users\srivastavp\.m2\repository\io\cucumber\cucumber-picocontainer\7.14.0\cucumber-picocontainer-7.14.0.jar;C:\Users\srivastavp\.m2\repository\org\picocontainer\picocontainer\2.15\picocontainer-2.15.jar;C:\Users\srivastavp\.m2\repository\junit\junit\4.13.2\junit-4.13.2.jar;C:\Users\srivastavp\.m2\repository\org\hamcrest\hamcrest-core\1.3\hamcrest-core-1.3.jar;"/>
    <property name="sun.cpu.endian" value="little"/>
    <property name="user.home" value="C:\Users\srivastavp"/>
    <property name="user.language" value="en"/>
    <property name="java.specification.vendor" value="Oracle Corporation"/>
    <property name="java.version.date" value="2024-10-15"/>
    <property name="java.home" value="C:\Program Files\Eclipse Adoptium\jdk-11.0.25.9-hotspot"/>
    <property name="file.separator" value="\"/>
    <property name="basedir" value="C:\ws\java\IdentityInterviewExercise-1"/>
    <property name="java.vm.compressedOopsMode" value="Zero based"/>
    <property name="line.separator" value="&#10;"/>
    <property name="java.specification.name" value="Java Platform API Specification"/>
    <property name="java.vm.specification.vendor" value="Oracle Corporation"/>
    <property name="java.awt.graphicsenv" value="sun.awt.Win32GraphicsEnvironment"/>
    <property name="surefire.real.class.path" value="C:\Users\srivastavp\AppData\Local\Temp\surefire13085729952693305719\surefirebooter-20241111123705051_3.jar"/>
    <property name="user.script" value=""/>
    <property name="sun.management.compiler" value="HotSpot 64-Bit Tiered Compilers"/>
    <property name="java.runtime.version" value="11.0.25+9"/>
    <property name="user.name" value="srivastavp"/>
    <property name="path.separator" value=";"/>
    <property name="os.version" value="10.0"/>
    <property name="java.runtime.name" value="OpenJDK Runtime Environment"/>
    <property name="file.encoding" value="Cp1252"/>
    <property name="java.vm.name" value="OpenJDK 64-Bit Server VM"/>
    <property name="java.vendor.version" value="Temurin-11.0.25+9"/>
    <property name="localRepository" value="C:\Users\srivastavp\.m2\repository"/>
    <property name="cucumber.options" value="--plugin pretty"/>
    <property name="java.vendor.url.bug" value="https://github.com/adoptium/adoptium-support/issues"/>
    <property name="java.io.tmpdir" value="C:\Users\SRIVAS~1\AppData\Local\Temp\"/>
    <property name="java.version" value="11.0.25"/>
    <property name="user.dir" value="C:\ws\java\IdentityInterviewExercise-1"/>
    <property name="os.arch" value="amd64"/>
    <property name="java.vm.specification.name" value="Java Virtual Machine Specification"/>
    <property name="java.awt.printerjob" value="sun.awt.windows.WPrinterJob"/>
    <property name="sun.os.patch.level" value=""/>
    <property name="java.library.path" value="C:\Program Files\Eclipse Adoptium\jdk-11.0.25.9-hotspot\bin;C:\WINDOWS\Sun\Java\bin;C:\WINDOWS\system32;C:\WINDOWS;C:\Users\srivastavp\bin;C:\Program Files\Git\mingw64\bin;C:\Program Files\Git\usr\local\bin;C:\Program Files\Git\usr\bin;C:\Program Files\Git\usr\bin;C:\Program Files\Git\mingw64\bin;C:\Program Files\Git\usr\bin;C:\Users\srivastavp\bin;C:\Program Files\Eclipse Adoptium\jdk-17.0.13.11-hotspot\bin;C:\Program Files\Eclipse Adoptium\jdk-11.0.25.9-hotspot\bin;C:\Python312\Scripts;C:\Python312;C:\WINDOWS\system32;C:\WINDOWS;C:\WINDOWS\System32\Wbem;C:\WINDOWS\System32\WindowsPowerShell\v1.0;C:\WINDOWS\System32\OpenSSH;C:\Program Files\nodejs;C:\ProgramData\chocolatey\bin;C:\Program Files\Git\cmd;C:\Program Files\Maven\apache-maven-3.9.9\bin;C:\Users\srivastavp\AppData\Local\Microsoft\WindowsApps;C:\Users\srivastavp\AppData\Local\Programs\Microsoft VS Code\bin;C:\Program Files\JetBrains\IntelliJ IDEA 2024.2.1\bin;C:\Users\srivastavp\AppData\Local\Programs\Ollama;C:\Users\srivastavp\AppData\Roaming\npm;C:\Program Files\JetBrains\IntelliJ IDEA Community Edition 2024.2.4\bin;C:\Program Files\Git\usr\bin\vendor_perl;C:\Program Files\Git\usr\bin\core_perl;."/>
    <property name="java.vm.info" value="mixed mode"/>
    <property name="java.vendor" value="Eclipse Adoptium"/>
    <property name="java.vm.version" value="11.0.25+9"/>
    <property name="java.specification.maintenance.version" value="3"/>
    <property name="sun.io.unicode.encoding" value="UnicodeLittle"/>
    <property name="java.class.version" value="55.0"/>
  </properties>
  <testcase name="Verify car details from input file against valuation website" classname="Verify Car Valuation" time="77.02">
    <system-out><![CDATA[
@done
Scenario Outline: Verify car details from input file against valuation website &amp#27;[90m# src/test/resources/features/car_valuation.feature:11&amp#27;[0m
Setting up test environment...
Test environment setup completed successfully
Loaded 4 registration numbers
  &amp#27;[32mGiven &amp#27;[0m&amp#27;[32mI get car registration numbers from &amp#27;[0m&amp#27;[32m&amp#27;[1m"car_input_V4.txt"&amp#27;[0m                 &amp#27;[90m# com.identity.steps.CarValuationSteps.iHaveCarRegistrationNumbersFrom(java.lang.String)&amp#27;[0m
Loaded 4 car details
  &amp#27;[32mAnd &amp#27;[0m&amp#27;[32mI have expected car details from &amp#27;[0m&amp#27;[32m&amp#27;[1m"car_output_V4.txt"&amp#27;[0m                     &amp#27;[90m# com.identity.steps.CarValuationSteps.iHaveExpectedCarDetailsFrom(java.lang.String)&amp#27;[0m
Starting to check car details for 4 registrations
============================================================================
Checking details for registration: BW57BOW
============================================================================
Navigating to valuation page for BW57BOW
Entering registration: BW57BOW
Entering random mileage
Clicking car valuation button
SORRY, NO VEHICLE FOUND WITH REG: BW57BOW
Skipping validation for registration: BW57BOW - car not found on website
============================================================================
Checking details for registration: KT17DLX
============================================================================
Navigating to valuation page for KT17DLX
Cookie accept button not found - continuing
Entering registration: KT17DLX
Entering random mileage
Clicking car valuation button
Vehicle questions section found for reg: KT17DLX
Validating details for registration: KT17DLX
Validating Registration Number: KT17DLX
Validating Make: SKODA
Validating Model: SUPERB DIESEL ESTATE - 2.0 TDI CR 190 Sport Line 5dr DSG
Validating Year: 2017
All validations passed successfully!
============================================================================
Checking details for registration: AD58VNF
============================================================================
Navigating to valuation page for AD58VNF
Cookie accept button not found - continuing
Entering registration: AD58VNF
Entering random mileage
Clicking car valuation button
Vehicle questions section found for reg: AD58VNF
Validating details for registration: AD58VNF
Validating Registration Number: AD58VNF
Validating Make: BMW
Validating Model: 1 SERIES DIESEL COUPE - 120d M Sport 2dr
Validating Year: 2008
All validations passed successfully!
============================================================================
Checking details for registration: SG18HTN
============================================================================
Navigating to valuation page for SG18HTN
Cookie accept button not found - continuing
Entering registration: SG18HTN
Entering random mileage
Clicking car valuation button
SORRY, NO VEHICLE FOUND WITH REG: SG18HTN
Skipping validation for registration: SG18HTN - car not found on website
  &amp#27;[32mWhen &amp#27;[0m&amp#27;[32mI check each car's details on the valuation website&amp#27;[0m                     &amp#27;[90m# com.identity.steps.CarValuationSteps.iCheckEachCarsDetailsOnTheValuationWebsite()&amp#27;[0m
All car details have been processed successfully
  &amp#27;[32mThen &amp#27;[0m&amp#27;[32mthe car details should match the expected output&amp#27;[0m                        &amp#27;[90m# com.identity.steps.CarValuationSteps.theCarDetailsShouldMatchTheExpectedOutput()&amp#27;[0m
Tearing down test environment...
Test environment teardown completed successfully
]]></system-out>
    <system-err><![CDATA[Nov 11, 2024 12:37:05 PM io.cucumber.core.options.CucumberPropertiesParser lambda$warnWhenCucumberOptionsIsUsed$2
WARNING: Passing commandline options via the property 'cucumber.options' is no longer supported. Please use individual properties instead. See the java doc on io.cucumber.core.options.Constants for details.
]]></system-err>
  </testcase>
</testsuite>